android/app/build/intermediates/manifest_merge_blame_file/debug/manifest-merger-blame-debug-report.txt
1<?xml version="1.0" encoding="utf-8"?>
2<manifest xmlns:android="http://schemas.android.com/apk/res/android"
3    package="com.example.meditation_app_flutter"
4    android:versionCode="1"
5    android:versionName="1.0.0" >
6
7    <uses-sdk
8        android:minSdkVersion="23"
9        android:targetSdkVersion="33" />
10    <!--
11         The INTERNET permission is required for development. Specifically,
12         the Flutter tool needs it to communicate with the running application
13         to allow setting breakpoints, to provide hot reload, etc.
14    -->
15    <uses-permission android:name="android.permission.INTERNET" />
15-->src\debug\AndroidManifest.xml:6:5-66
15-->src\debug\AndroidManifest.xml:6:22-64
16    <!--
17     Required to query activities that can process text, see:
18         https://developer.android.com/training/package-visibility?hl=en and
19         https://developer.android.com/reference/android/content/Intent#ACTION_PROCESS_TEXT.
20
21         In particular, this is used by the Flutter engine in io.flutter.plugin.text.ProcessTextPlugin.
22    -->
23    <queries>
23-->src\main\AndroidManifest.xml:41:5-46:15
24        <intent>
24-->src\main\AndroidManifest.xml:42:9-45:18
25            <action android:name="android.intent.action.PROCESS_TEXT" />
25-->src\main\AndroidManifest.xml:43:13-73
25-->src\main\AndroidManifest.xml:43:21-70
26
27            <data android:mimeType="text/plain" />
27-->src\main\AndroidManifest.xml:44:13-51
27-->src\main\AndroidManifest.xml:44:19-48
28        </intent>
29    </queries>
30
31    <uses-permission android:name="android.permission.WAKE_LOCK" />
31-->[:firebase_messaging] AndroidManifest.xml:10:5-68
31-->[:firebase_messaging] AndroidManifest.xml:10:22-65
32    <uses-permission android:name="android.permission.ACCESS_NETWORK_STATE" /> <!-- Permissions options for the `notification` group -->
32-->[:firebase_messaging] AndroidManifest.xml:11:5-79
32-->[:firebase_messaging] AndroidManifest.xml:11:22-76
33    <uses-permission android:name="android.permission.POST_NOTIFICATIONS" />
33-->[:firebase_messaging] AndroidManifest.xml:13:5-77
33-->[:firebase_messaging] AndroidManifest.xml:13:22-74
34    <uses-permission android:name="android.permission.VIBRATE" /> <!-- Required by older versions of Google Play services to create IID tokens -->
34-->[:vibration] AndroidManifest.xml:9:5-66
34-->[:vibration] AndroidManifest.xml:9:22-63
35    <uses-permission android:name="com.google.android.c2dm.permission.RECEIVE" />
35-->[com.google.firebase:firebase-messaging:24.0.0] AndroidManifest.xml:26:5-82
35-->[com.google.firebase:firebase-messaging:24.0.0] AndroidManifest.xml:26:22-79
36    <uses-permission android:name="com.google.android.gms.permission.AD_ID" />
36-->[com.google.android.gms:play-services-measurement-api:22.0.0] AndroidManifest.xml:25:5-79
36-->[com.google.android.gms:play-services-measurement-api:22.0.0] AndroidManifest.xml:25:22-76
37    <uses-permission android:name="android.permission.ACCESS_ADSERVICES_ATTRIBUTION" />
37-->[com.google.android.gms:play-services-measurement-api:22.0.0] AndroidManifest.xml:26:5-88
37-->[com.google.android.gms:play-services-measurement-api:22.0.0] AndroidManifest.xml:26:22-85
38    <uses-permission android:name="android.permission.ACCESS_ADSERVICES_AD_ID" />
38-->[com.google.android.gms:play-services-measurement-api:22.0.0] AndroidManifest.xml:27:5-82
38-->[com.google.android.gms:play-services-measurement-api:22.0.0] AndroidManifest.xml:27:22-79
39    <uses-permission android:name="com.google.android.providers.gsf.permission.READ_GSERVICES" />
39-->[com.google.android.recaptcha:recaptcha:18.4.0] AndroidManifest.xml:9:5-98
39-->[com.google.android.recaptcha:recaptcha:18.4.0] AndroidManifest.xml:9:22-95
40    <uses-permission android:name="com.google.android.finsky.permission.BIND_GET_INSTALL_REFERRER_SERVICE" />
40-->[com.google.android.gms:play-services-measurement:22.0.0] AndroidManifest.xml:26:5-110
40-->[com.google.android.gms:play-services-measurement:22.0.0] AndroidManifest.xml:26:22-107
41
42    <permission
42-->[androidx.core:core:1.9.0] AndroidManifest.xml:22:5-24:47
43        android:name="com.example.meditation_app_flutter.DYNAMIC_RECEIVER_NOT_EXPORTED_PERMISSION"
43-->[androidx.core:core:1.9.0] AndroidManifest.xml:23:9-81
44        android:protectionLevel="signature" />
44-->[androidx.core:core:1.9.0] AndroidManifest.xml:24:9-44
45
46    <uses-permission android:name="com.example.meditation_app_flutter.DYNAMIC_RECEIVER_NOT_EXPORTED_PERMISSION" />
46-->[androidx.core:core:1.9.0] AndroidManifest.xml:26:5-97
46-->[androidx.core:core:1.9.0] AndroidManifest.xml:26:22-94
47
48    <application
49        android:name="io.flutter.app.FlutterMultiDexApplication"
50        android:appComponentFactory="androidx.core.app.CoreComponentFactory"
50-->[androidx.core:core:1.9.0] AndroidManifest.xml:28:18-86
51        android:debuggable="true"
52        android:enableOnBackInvokedCallback="true"
53        android:extractNativeLibs="false"
54        android:icon="@mipmap/ic_launcher"
55        android:label="meditation_app_flutter" > <!-- Moved inside the application tag -->
56
57        <activity
58            android:name="com.example.meditation_app_flutter.MainActivity"
59            android:configChanges="orientation|keyboardHidden|keyboard|screenSize|smallestScreenSize|locale|layoutDirection|fontScale|screenLayout|density|uiMode"
60            android:exported="true"
61            android:hardwareAccelerated="true"
62            android:launchMode="singleTop"
63            android:theme="@style/LaunchTheme"
64            android:windowSoftInputMode="adjustResize" >
65
66            <!--
67                 Specifies an Android theme to apply to this Activity as soon as
68                 the Android process has started. This theme is visible to the user
69                 while the Flutter UI initializes. After that, this theme continues
70                 to determine the Window background behind the Flutter UI.
71            -->
72            <meta-data
73                android:name="io.flutter.embedding.android.NormalTheme"
74                android:resource="@style/NormalTheme" />
75
76            <intent-filter>
77                <action android:name="android.intent.action.MAIN" />
78
79                <category android:name="android.intent.category.LAUNCHER" />
80            </intent-filter>
81        </activity>
82        <!--
83             Don't delete the meta-data below.
84             This is used by the Flutter tool to generate GeneratedPluginRegistrant.java
85        -->
86        <meta-data
87            android:name="flutterEmbedding"
88            android:value="2" />
89
90        <service
90-->[:firebase_app_check] AndroidManifest.xml:10:9-14:19
91            android:name="com.google.firebase.components.ComponentDiscoveryService"
91-->[:firebase_app_check] AndroidManifest.xml:10:18-89
92            android:directBootAware="true"
92-->[com.google.firebase:firebase-common:21.0.0] AndroidManifest.xml:32:13-43
93            android:exported="false" >
93-->[com.google.firebase:firebase-appcheck-debug:18.0.0] AndroidManifest.xml:24:13-37
94            <meta-data
94-->[:firebase_app_check] AndroidManifest.xml:11:13-13:85
95                android:name="com.google.firebase.components:io.flutter.plugins.firebase.appcheck.FlutterFirebaseAppRegistrar"
95-->[:firebase_app_check] AndroidManifest.xml:12:17-127
96                android:value="com.google.firebase.components.ComponentRegistrar" />
96-->[:firebase_app_check] AndroidManifest.xml:13:17-82
97            <meta-data
97-->[:firebase_database] AndroidManifest.xml:11:13-13:85
98                android:name="com.google.firebase.components:io.flutter.plugins.firebase.database.FlutterFirebaseAppRegistrar"
98-->[:firebase_database] AndroidManifest.xml:12:17-127
99                android:value="com.google.firebase.components.ComponentRegistrar" />
99-->[:firebase_database] AndroidManifest.xml:13:17-82
100            <meta-data
100-->[:cloud_firestore] AndroidManifest.xml:11:13-13:85
101                android:name="com.google.firebase.components:io.flutter.plugins.firebase.firestore.FlutterFirebaseFirestoreRegistrar"
101-->[:cloud_firestore] AndroidManifest.xml:12:17-134
102                android:value="com.google.firebase.components.ComponentRegistrar" />
102-->[:cloud_firestore] AndroidManifest.xml:13:17-82
103            <meta-data
103-->[:firebase_auth] AndroidManifest.xml:11:13-13:85
104                android:name="com.google.firebase.components:io.flutter.plugins.firebase.auth.FlutterFirebaseAuthRegistrar"
104-->[:firebase_auth] AndroidManifest.xml:12:17-124
105                android:value="com.google.firebase.components.ComponentRegistrar" />
105-->[:firebase_auth] AndroidManifest.xml:13:17-82
106            <meta-data
106-->[:firebase_storage] AndroidManifest.xml:11:13-13:85
107                android:name="com.google.firebase.components:io.flutter.plugins.firebase.storage.FlutterFirebaseAppRegistrar"
107-->[:firebase_storage] AndroidManifest.xml:12:17-126
108                android:value="com.google.firebase.components.ComponentRegistrar" />
108-->[:firebase_storage] AndroidManifest.xml:13:17-82
109            <meta-data
109-->[:firebase_messaging] AndroidManifest.xml:38:13-40:85
110                android:name="com.google.firebase.components:io.flutter.plugins.firebase.messaging.FlutterFirebaseAppRegistrar"
110-->[:firebase_messaging] AndroidManifest.xml:39:17-128
111                android:value="com.google.firebase.components.ComponentRegistrar" />
111-->[:firebase_messaging] AndroidManifest.xml:40:17-82
112            <meta-data
112-->[:firebase_core] AndroidManifest.xml:11:13-13:85
113                android:name="com.google.firebase.components:io.flutter.plugins.firebase.core.FlutterFirebaseCoreRegistrar"
113-->[:firebase_core] AndroidManifest.xml:12:17-124
114                android:value="com.google.firebase.components.ComponentRegistrar" />
114-->[:firebase_core] AndroidManifest.xml:13:17-82
115            <meta-data
115-->[com.google.firebase:firebase-appcheck-debug:18.0.0] AndroidManifest.xml:25:13-27:85
116                android:name="com.google.firebase.components:com.google.firebase.appcheck.debug.FirebaseAppCheckDebugRegistrar"
116-->[com.google.firebase:firebase-appcheck-debug:18.0.0] AndroidManifest.xml:26:17-128
117                android:value="com.google.firebase.components.ComponentRegistrar" />
117-->[com.google.firebase:firebase-appcheck-debug:18.0.0] AndroidManifest.xml:27:17-82
118            <meta-data
118-->[com.google.firebase:firebase-appcheck-playintegrity:18.0.0] AndroidManifest.xml:25:13-27:85
119                android:name="com.google.firebase.components:com.google.firebase.appcheck.playintegrity.FirebaseAppCheckPlayIntegrityRegistrar"
119-->[com.google.firebase:firebase-appcheck-playintegrity:18.0.0] AndroidManifest.xml:26:17-144
120                android:value="com.google.firebase.components.ComponentRegistrar" />
120-->[com.google.firebase:firebase-appcheck-playintegrity:18.0.0] AndroidManifest.xml:27:17-82
121            <meta-data
121-->[com.google.firebase:firebase-database:21.0.0] AndroidManifest.xml:29:13-31:85
122                android:name="com.google.firebase.components:com.google.firebase.database.FirebaseDatabaseKtxRegistrar"
122-->[com.google.firebase:firebase-database:21.0.0] AndroidManifest.xml:30:17-120
123                android:value="com.google.firebase.components.ComponentRegistrar" />
123-->[com.google.firebase:firebase-database:21.0.0] AndroidManifest.xml:31:17-82
124            <meta-data
124-->[com.google.firebase:firebase-database:21.0.0] AndroidManifest.xml:32:13-34:85
125                android:name="com.google.firebase.components:com.google.firebase.database.DatabaseRegistrar"
125-->[com.google.firebase:firebase-database:21.0.0] AndroidManifest.xml:33:17-109
126                android:value="com.google.firebase.components.ComponentRegistrar" />
126-->[com.google.firebase:firebase-database:21.0.0] AndroidManifest.xml:34:17-82
127            <meta-data
127-->[com.google.firebase:firebase-firestore:25.0.0] AndroidManifest.xml:17:13-19:85
128                android:name="com.google.firebase.components:com.google.firebase.firestore.FirebaseFirestoreKtxRegistrar"
128-->[com.google.firebase:firebase-firestore:25.0.0] AndroidManifest.xml:18:17-122
129                android:value="com.google.firebase.components.ComponentRegistrar" />
129-->[com.google.firebase:firebase-firestore:25.0.0] AndroidManifest.xml:19:17-82
130            <meta-data
130-->[com.google.firebase:firebase-firestore:25.0.0] AndroidManifest.xml:20:13-22:85
131                android:name="com.google.firebase.components:com.google.firebase.firestore.FirestoreRegistrar"
131-->[com.google.firebase:firebase-firestore:25.0.0] AndroidManifest.xml:21:17-111
132                android:value="com.google.firebase.components.ComponentRegistrar" />
132-->[com.google.firebase:firebase-firestore:25.0.0] AndroidManifest.xml:22:17-82
133            <meta-data
133-->[com.google.firebase:firebase-auth:23.0.0] AndroidManifest.xml:69:13-71:85
134                android:name="com.google.firebase.components:com.google.firebase.auth.FirebaseAuthRegistrar"
134-->[com.google.firebase:firebase-auth:23.0.0] AndroidManifest.xml:70:17-109
135                android:value="com.google.firebase.components.ComponentRegistrar" />
135-->[com.google.firebase:firebase-auth:23.0.0] AndroidManifest.xml:71:17-82
136            <meta-data
136-->[com.google.firebase:firebase-storage:21.0.0] AndroidManifest.xml:30:13-32:85
137                android:name="com.google.firebase.components:com.google.firebase.storage.FirebaseStorageKtxRegistrar"
137-->[com.google.firebase:firebase-storage:21.0.0] AndroidManifest.xml:31:17-118
138                android:value="com.google.firebase.components.ComponentRegistrar" />
138-->[com.google.firebase:firebase-storage:21.0.0] AndroidManifest.xml:32:17-82
139            <meta-data
139-->[com.google.firebase:firebase-storage:21.0.0] AndroidManifest.xml:33:13-35:85
140                android:name="com.google.firebase.components:com.google.firebase.storage.StorageRegistrar"
140-->[com.google.firebase:firebase-storage:21.0.0] AndroidManifest.xml:34:17-107
141                android:value="com.google.firebase.components.ComponentRegistrar" />
141-->[com.google.firebase:firebase-storage:21.0.0] AndroidManifest.xml:35:17-82
142            <meta-data
142-->[com.google.firebase:firebase-messaging:24.0.0] AndroidManifest.xml:57:13-59:85
143                android:name="com.google.firebase.components:com.google.firebase.messaging.FirebaseMessagingKtxRegistrar"
143-->[com.google.firebase:firebase-messaging:24.0.0] AndroidManifest.xml:58:17-122
144                android:value="com.google.firebase.components.ComponentRegistrar" />
144-->[com.google.firebase:firebase-messaging:24.0.0] AndroidManifest.xml:59:17-82
145            <meta-data
145-->[com.google.firebase:firebase-messaging:24.0.0] AndroidManifest.xml:60:13-62:85
146                android:name="com.google.firebase.components:com.google.firebase.messaging.FirebaseMessagingRegistrar"
146-->[com.google.firebase:firebase-messaging:24.0.0] AndroidManifest.xml:61:17-119
147                android:value="com.google.firebase.components.ComponentRegistrar" />
147-->[com.google.firebase:firebase-messaging:24.0.0] AndroidManifest.xml:62:17-82
148            <meta-data
148-->[com.google.android.gms:play-services-measurement-api:22.0.0] AndroidManifest.xml:37:13-39:85
149                android:name="com.google.firebase.components:com.google.firebase.analytics.connector.internal.AnalyticsConnectorRegistrar"
149-->[com.google.android.gms:play-services-measurement-api:22.0.0] AndroidManifest.xml:38:17-139
150                android:value="com.google.firebase.components.ComponentRegistrar" />
150-->[com.google.android.gms:play-services-measurement-api:22.0.0] AndroidManifest.xml:39:17-82
151            <meta-data
151-->[com.google.firebase:firebase-appcheck-safetynet:16.1.2] AndroidManifest.xml:27:13-29:85
152                android:name="com.google.firebase.components:com.google.firebase.appcheck.safetynet.FirebaseAppCheckSafetyNetRegistrar"
152-->[com.google.firebase:firebase-appcheck-safetynet:16.1.2] AndroidManifest.xml:28:17-136
153                android:value="com.google.firebase.components.ComponentRegistrar" />
153-->[com.google.firebase:firebase-appcheck-safetynet:16.1.2] AndroidManifest.xml:29:17-82
154            <meta-data
154-->[com.google.firebase:firebase-appcheck:18.0.0] AndroidManifest.xml:25:13-27:85
155                android:name="com.google.firebase.components:com.google.firebase.appcheck.FirebaseAppCheckKtxRegistrar"
155-->[com.google.firebase:firebase-appcheck:18.0.0] AndroidManifest.xml:26:17-120
156                android:value="com.google.firebase.components.ComponentRegistrar" />
156-->[com.google.firebase:firebase-appcheck:18.0.0] AndroidManifest.xml:27:17-82
157            <meta-data
157-->[com.google.firebase:firebase-appcheck:18.0.0] AndroidManifest.xml:28:13-30:85
158                android:name="com.google.firebase.components:com.google.firebase.appcheck.FirebaseAppCheckRegistrar"
158-->[com.google.firebase:firebase-appcheck:18.0.0] AndroidManifest.xml:29:17-117
159                android:value="com.google.firebase.components.ComponentRegistrar" />
159-->[com.google.firebase:firebase-appcheck:18.0.0] AndroidManifest.xml:30:17-82
160            <meta-data
160-->[com.google.firebase:firebase-installations:18.0.0] AndroidManifest.xml:15:13-17:85
161                android:name="com.google.firebase.components:com.google.firebase.installations.FirebaseInstallationsKtxRegistrar"
161-->[com.google.firebase:firebase-installations:18.0.0] AndroidManifest.xml:16:17-130
162                android:value="com.google.firebase.components.ComponentRegistrar" />
162-->[com.google.firebase:firebase-installations:18.0.0] AndroidManifest.xml:17:17-82
163            <meta-data
163-->[com.google.firebase:firebase-installations:18.0.0] AndroidManifest.xml:18:13-20:85
164                android:name="com.google.firebase.components:com.google.firebase.installations.FirebaseInstallationsRegistrar"
164-->[com.google.firebase:firebase-installations:18.0.0] AndroidManifest.xml:19:17-127
165                android:value="com.google.firebase.components.ComponentRegistrar" />
165-->[com.google.firebase:firebase-installations:18.0.0] AndroidManifest.xml:20:17-82
166            <meta-data
166-->[com.google.firebase:firebase-common-ktx:21.0.0] AndroidManifest.xml:12:13-14:85
167                android:name="com.google.firebase.components:com.google.firebase.ktx.FirebaseCommonLegacyRegistrar"
167-->[com.google.firebase:firebase-common-ktx:21.0.0] AndroidManifest.xml:13:17-116
168                android:value="com.google.firebase.components.ComponentRegistrar" />
168-->[com.google.firebase:firebase-common-ktx:21.0.0] AndroidManifest.xml:14:17-82
169            <meta-data
169-->[com.google.firebase:firebase-common:21.0.0] AndroidManifest.xml:35:13-37:85
170                android:name="com.google.firebase.components:com.google.firebase.FirebaseCommonKtxRegistrar"
170-->[com.google.firebase:firebase-common:21.0.0] AndroidManifest.xml:36:17-109
171                android:value="com.google.firebase.components.ComponentRegistrar" />
171-->[com.google.firebase:firebase-common:21.0.0] AndroidManifest.xml:37:17-82
172            <meta-data
172-->[com.google.firebase:firebase-datatransport:18.2.0] AndroidManifest.xml:25:13-27:85
173                android:name="com.google.firebase.components:com.google.firebase.datatransport.TransportRegistrar"
173-->[com.google.firebase:firebase-datatransport:18.2.0] AndroidManifest.xml:26:17-115
174                android:value="com.google.firebase.components.ComponentRegistrar" />
174-->[com.google.firebase:firebase-datatransport:18.2.0] AndroidManifest.xml:27:17-82
175        </service>
176        <service
176-->[:firebase_messaging] AndroidManifest.xml:16:9-19:72
177            android:name="io.flutter.plugins.firebase.messaging.FlutterFirebaseMessagingBackgroundService"
177-->[:firebase_messaging] AndroidManifest.xml:17:13-107
178            android:exported="false"
178-->[:firebase_messaging] AndroidManifest.xml:18:13-37
179            android:permission="android.permission.BIND_JOB_SERVICE" />
179-->[:firebase_messaging] AndroidManifest.xml:19:13-69
180        <service
180-->[:firebase_messaging] AndroidManifest.xml:20:9-26:19
181            android:name="io.flutter.plugins.firebase.messaging.FlutterFirebaseMessagingService"
181-->[:firebase_messaging] AndroidManifest.xml:21:13-97
182            android:exported="false" >
182-->[:firebase_messaging] AndroidManifest.xml:22:13-37
183            <intent-filter>
183-->[:firebase_messaging] AndroidManifest.xml:23:13-25:29
184                <action android:name="com.google.firebase.MESSAGING_EVENT" />
184-->[:firebase_messaging] AndroidManifest.xml:24:17-78
184-->[:firebase_messaging] AndroidManifest.xml:24:25-75
185            </intent-filter>
186        </service>
187
188        <receiver
188-->[:firebase_messaging] AndroidManifest.xml:28:9-35:20
189            android:name="io.flutter.plugins.firebase.messaging.FlutterFirebaseMessagingReceiver"
189-->[:firebase_messaging] AndroidManifest.xml:29:13-98
190            android:exported="true"
190-->[:firebase_messaging] AndroidManifest.xml:30:13-36
191            android:permission="com.google.android.c2dm.permission.SEND" >
191-->[:firebase_messaging] AndroidManifest.xml:31:13-73
192            <intent-filter>
192-->[:firebase_messaging] AndroidManifest.xml:32:13-34:29
193                <action android:name="com.google.android.c2dm.intent.RECEIVE" />
193-->[:firebase_messaging] AndroidManifest.xml:33:17-81
193-->[:firebase_messaging] AndroidManifest.xml:33:25-78
194            </intent-filter>
195        </receiver>
196
197        <provider
197-->[:firebase_messaging] AndroidManifest.xml:43:9-47:38
198            android:name="io.flutter.plugins.firebase.messaging.FlutterFirebaseMessagingInitProvider"
198-->[:firebase_messaging] AndroidManifest.xml:44:13-102
199            android:authorities="com.example.meditation_app_flutter.flutterfirebasemessaginginitprovider"
199-->[:firebase_messaging] AndroidManifest.xml:45:13-88
200            android:exported="false"
200-->[:firebase_messaging] AndroidManifest.xml:46:13-37
201            android:initOrder="99" />
201-->[:firebase_messaging] AndroidManifest.xml:47:13-35
202
203        <activity
203-->[com.google.firebase:firebase-auth:23.0.0] AndroidManifest.xml:29:9-46:20
204            android:name="com.google.firebase.auth.internal.GenericIdpActivity"
204-->[com.google.firebase:firebase-auth:23.0.0] AndroidManifest.xml:30:13-80
205            android:excludeFromRecents="true"
205-->[com.google.firebase:firebase-auth:23.0.0] AndroidManifest.xml:31:13-46
206            android:exported="true"
206-->[com.google.firebase:firebase-auth:23.0.0] AndroidManifest.xml:32:13-36
207            android:launchMode="singleTask"
207-->[com.google.firebase:firebase-auth:23.0.0] AndroidManifest.xml:33:13-44
208            android:theme="@android:style/Theme.Translucent.NoTitleBar" >
208-->[com.google.firebase:firebase-auth:23.0.0] AndroidManifest.xml:34:13-72
209            <intent-filter>
209-->[com.google.firebase:firebase-auth:23.0.0] AndroidManifest.xml:35:13-45:29
210                <action android:name="android.intent.action.VIEW" />
210-->[com.google.firebase:firebase-auth:23.0.0] AndroidManifest.xml:36:17-69
210-->[com.google.firebase:firebase-auth:23.0.0] AndroidManifest.xml:36:25-66
211
212                <category android:name="android.intent.category.DEFAULT" />
212-->[com.google.firebase:firebase-auth:23.0.0] AndroidManifest.xml:38:17-76
212-->[com.google.firebase:firebase-auth:23.0.0] AndroidManifest.xml:38:27-73
213                <category android:name="android.intent.category.BROWSABLE" />
213-->[com.google.firebase:firebase-auth:23.0.0] AndroidManifest.xml:39:17-78
213-->[com.google.firebase:firebase-auth:23.0.0] AndroidManifest.xml:39:27-75
214
215                <data
215-->src\main\AndroidManifest.xml:44:13-51
216                    android:host="firebase.auth"
217                    android:path="/"
218                    android:scheme="genericidp" />
219            </intent-filter>
220        </activity>
221        <activity
221-->[com.google.firebase:firebase-auth:23.0.0] AndroidManifest.xml:47:9-64:20
222            android:name="com.google.firebase.auth.internal.RecaptchaActivity"
222-->[com.google.firebase:firebase-auth:23.0.0] AndroidManifest.xml:48:13-79
223            android:excludeFromRecents="true"
223-->[com.google.firebase:firebase-auth:23.0.0] AndroidManifest.xml:49:13-46
224            android:exported="true"
224-->[com.google.firebase:firebase-auth:23.0.0] AndroidManifest.xml:50:13-36
225            android:launchMode="singleTask"
225-->[com.google.firebase:firebase-auth:23.0.0] AndroidManifest.xml:51:13-44
226            android:theme="@android:style/Theme.Translucent.NoTitleBar" >
226-->[com.google.firebase:firebase-auth:23.0.0] AndroidManifest.xml:52:13-72
227            <intent-filter>
227-->[com.google.firebase:firebase-auth:23.0.0] AndroidManifest.xml:53:13-63:29
228                <action android:name="android.intent.action.VIEW" />
228-->[com.google.firebase:firebase-auth:23.0.0] AndroidManifest.xml:36:17-69
228-->[com.google.firebase:firebase-auth:23.0.0] AndroidManifest.xml:36:25-66
229
230                <category android:name="android.intent.category.DEFAULT" />
230-->[com.google.firebase:firebase-auth:23.0.0] AndroidManifest.xml:38:17-76
230-->[com.google.firebase:firebase-auth:23.0.0] AndroidManifest.xml:38:27-73
231                <category android:name="android.intent.category.BROWSABLE" />
231-->[com.google.firebase:firebase-auth:23.0.0] AndroidManifest.xml:39:17-78
231-->[com.google.firebase:firebase-auth:23.0.0] AndroidManifest.xml:39:27-75
232
233                <data
233-->src\main\AndroidManifest.xml:44:13-51
234                    android:host="firebase.auth"
235                    android:path="/"
236                    android:scheme="recaptcha" />
237            </intent-filter>
238        </activity>
239
240        <receiver
240-->[com.google.firebase:firebase-messaging:24.0.0] AndroidManifest.xml:29:9-40:20
241            android:name="com.google.firebase.iid.FirebaseInstanceIdReceiver"
241-->[com.google.firebase:firebase-messaging:24.0.0] AndroidManifest.xml:30:13-78
242            android:exported="true"
242-->[com.google.firebase:firebase-messaging:24.0.0] AndroidManifest.xml:31:13-36
243            android:permission="com.google.android.c2dm.permission.SEND" >
243-->[com.google.firebase:firebase-messaging:24.0.0] AndroidManifest.xml:32:13-73
244            <intent-filter>
244-->[:firebase_messaging] AndroidManifest.xml:32:13-34:29
245                <action android:name="com.google.android.c2dm.intent.RECEIVE" />
245-->[:firebase_messaging] AndroidManifest.xml:33:17-81
245-->[:firebase_messaging] AndroidManifest.xml:33:25-78
246            </intent-filter>
247
248            <meta-data
248-->[com.google.firebase:firebase-messaging:24.0.0] AndroidManifest.xml:37:13-39:40
249                android:name="com.google.android.gms.cloudmessaging.FINISHED_AFTER_HANDLED"
249-->[com.google.firebase:firebase-messaging:24.0.0] AndroidManifest.xml:38:17-92
250                android:value="true" />
250-->[com.google.firebase:firebase-messaging:24.0.0] AndroidManifest.xml:39:17-37
251        </receiver>
252        <!--
253             FirebaseMessagingService performs security checks at runtime,
254             but set to not exported to explicitly avoid allowing another app to call it.
255        -->
256        <service
256-->[com.google.firebase:firebase-messaging:24.0.0] AndroidManifest.xml:46:9-53:19
257            android:name="com.google.firebase.messaging.FirebaseMessagingService"
257-->[com.google.firebase:firebase-messaging:24.0.0] AndroidManifest.xml:47:13-82
258            android:directBootAware="true"
258-->[com.google.firebase:firebase-messaging:24.0.0] AndroidManifest.xml:48:13-43
259            android:exported="false" >
259-->[com.google.firebase:firebase-messaging:24.0.0] AndroidManifest.xml:49:13-37
260            <intent-filter android:priority="-500" >
260-->[:firebase_messaging] AndroidManifest.xml:23:13-25:29
261                <action android:name="com.google.firebase.MESSAGING_EVENT" />
261-->[:firebase_messaging] AndroidManifest.xml:24:17-78
261-->[:firebase_messaging] AndroidManifest.xml:24:25-75
262            </intent-filter>
263        </service>
264
265        <property
265-->[com.google.android.gms:play-services-measurement-api:22.0.0] AndroidManifest.xml:30:9-32:61
266            android:name="android.adservices.AD_SERVICES_CONFIG"
266-->[com.google.android.gms:play-services-measurement-api:22.0.0] AndroidManifest.xml:31:13-65
267            android:resource="@xml/ga_ad_services_config" />
267-->[com.google.android.gms:play-services-measurement-api:22.0.0] AndroidManifest.xml:32:13-58
268
269        <service
269-->[androidx.credentials:credentials-play-services-auth:1.2.0-rc01] AndroidManifest.xml:24:9-32:19
270            android:name="androidx.credentials.playservices.CredentialProviderMetadataHolder"
270-->[androidx.credentials:credentials-play-services-auth:1.2.0-rc01] AndroidManifest.xml:25:13-94
271            android:enabled="true"
271-->[androidx.credentials:credentials-play-services-auth:1.2.0-rc01] AndroidManifest.xml:26:13-35
272            android:exported="false" >
272-->[androidx.credentials:credentials-play-services-auth:1.2.0-rc01] AndroidManifest.xml:27:13-37
273            <meta-data
273-->[androidx.credentials:credentials-play-services-auth:1.2.0-rc01] AndroidManifest.xml:29:13-31:104